<?xml version="1.0" encoding="UTF-8"?>
<testsuite name="IntroLabTest" tests="2" skipped="0" failures="0" errors="0" timestamp="2022-09-12T21:12:28" hostname="Charlies-MacBook-Air.local" time="0.069">
  <properties/>
  <testcase name="testtaocharl" classname="IntroLabTest" time="0.068"/>
  <testcase name="testExampleStudent" classname="IntroLabTest" time="0.001"/>
  <system-out><![CDATA[]]></system-out>
  <system-err><![CDATA[]]></system-err>
</testsuite>
